c:\dev\mfc\m31csocketserver\x64\debug\m31csocketserver.pch
c:\dev\mfc\m31csocketserver\x64\debug\vc143.pdb
c:\dev\mfc\m31csocketserver\x64\debug\vc143.idb
c:\dev\mfc\m31csocketserver\x64\debug\pch.obj
c:\dev\mfc\m31csocketserver\x64\debug\m31csocketserverdlg.obj
c:\dev\mfc\m31csocketserver\x64\debug\m31csocketserver.obj
c:\dev\mfc\m31csocketserver\x64\debug\cusersocket.obj
c:\dev\mfc\m31csocketserver\x64\debug\cserversocket.obj
c:\dev\mfc\m31csocketserver\x64\debug\m31csocketserver.ilk
c:\dev\mfc\m31csocketserver\x64\debug\m31csocketserver.exe
c:\dev\mfc\m31csocketserver\x64\debug\m31csocketserver.pdb
c:\dev\mfc\m31csocketserver\x64\debug\m31csocketserver.res
c:\dev\mfc\m31csocketserver\x64\debug\m31csocketserver.tlog\cl.command.1.tlog
c:\dev\mfc\m31csocketserver\x64\debug\m31csocketserver.tlog\cl.read.1.tlog
c:\dev\mfc\m31csocketserver\x64\debug\m31csocketserver.tlog\cl.write.1.tlog
c:\dev\mfc\m31csocketserver\x64\debug\m31csocketserver.tlog\link.command.1.tlog
c:\dev\mfc\m31csocketserver\x64\debug\m31csocketserver.tlog\link.read.1.tlog
c:\dev\mfc\m31csocketserver\x64\debug\m31csocketserver.tlog\link.write.1.tlog
c:\dev\mfc\m31csocketserver\x64\debug\m31csocketserver.tlog\rc.command.1.tlog
c:\dev\mfc\m31csocketserver\x64\debug\m31csocketserver.tlog\rc.read.1.tlog
c:\dev\mfc\m31csocketserver\x64\debug\m31csocketserver.tlog\rc.write.1.tlog
